app/build/outputs/logs/manifest-merger-debug-report.txt
-- Merging decision tree log ---
manifest
ADDED from src/main/AndroidManifest.xml:2:1-97:12
INJECTED from src/main/AndroidManifest.xml:2:1-97:12
INJECTED from src/main/AndroidManifest.xml:2:1-97:12
INJECTED from src/main/AndroidManifest.xml:2:1-97:12
MERGED from [:abbyy-rtr-sdk-1.0:] AndroidManifest.xml:2:1-17:12
MERGED from [:wikitudesdk:] AndroidManifest.xml:2:1-16:12
MERGED from [:newhandwaveapp] AndroidManifest.xml:2:1-21:12
MERGED from [com.google.android:flexbox:0.2.5] AndroidManifest.xml:17:1-27:12
MERGED from [com.github.imangazalievm:circlemenu:1.1.1] AndroidManifest.xml:2:1-12:12
MERGED from [pub.devrel:easypermissions:0.2.0] AndroidManifest.xml:2:1-14:12
MERGED from [com.android.support:design:27.1.1] AndroidManifest.xml:17:1-22:12
MERGED from [com.android.support:appcompat-v7:27.1.1] AndroidManifest.xml:17:1-22:12
MERGED from [com.android.support:support-v4:27.1.1] AndroidManifest.xml:17:1-22:12
MERGED from [com.jakewharton:butterknife:8.8.1] AndroidManifest.xml:2:1-7:12
MERGED from [com.android.support:recyclerview-v7:27.1.1] AndroidManifest.xml:17:1-22:12
MERGED from [com.android.support:cardview-v7:27.1.1] AndroidManifest.xml:17:1-22:12
MERGED from [com.github.PierfrancescoSoffritti:AndroidYouTubePlayer:4.1.4] AndroidManifest.xml:2:1-20:12
MERGED from [info.hoang8f:fbutton:1.0.5] AndroidManifest.xml:2:1-11:12
MERGED from [com.victor:lib:1.0.4] AndroidManifest.xml:2:1-16:12
MERGED from [:openCVLibrary310] AndroidManifest.xml:2:1-11:12
MERGED from [com.android.support:support-fragment:27.1.1] AndroidManifest.xml:17:1-22:12
MERGED from [com.android.support:animated-vector-drawable:27.1.1] AndroidManifest.xml:17:1-22:12
MERGED from [com.android.support:support-core-ui:27.1.1] AndroidManifest.xml:17:1-22:12
MERGED from [com.android.support:support-core-utils:27.1.1] AndroidManifest.xml:17:1-22:12
MERGED from [com.android.support:support-media-compat:27.1.1] AndroidManifest.xml:17:1-22:12
MERGED from [com.android.support:support-vector-drawable:27.1.1] AndroidManifest.xml:17:1-22:12
MERGED from [com.android.support:transition:27.1.1] AndroidManifest.xml:17:1-22:12
MERGED from [com.android.support:support-compat:27.1.1] AndroidManifest.xml:17:1-22:12
MERGED from [android.arch.lifecycle:livedata-core:1.1.0] AndroidManifest.xml:17:1-22:12
MERGED from [android.arch.lifecycle:viewmodel:1.1.0] AndroidManifest.xml:17:1-22:12
MERGED from [android.arch.lifecycle:runtime:1.1.0] AndroidManifest.xml:17:1-22:12
MERGED from [android.arch.core:runtime:1.1.0] AndroidManifest.xml:17:1-22:12
INJECTED from src/main/AndroidManifest.xml:2:1-97:12
INJECTED from src/main/AndroidManifest.xml:2:1-97:12
INJECTED from src/main/AndroidManifest.xml:2:1-97:12
	package
		ADDED from src/main/AndroidManifest.xml:3:5-37
		INJECTED from src/main/AndroidManifest.xml
		INJECTED from src/main/AndroidManifest.xml
	android:versionName
		INJECTED from src/main/AndroidManifest.xml
		ADDED from src/main/AndroidManifest.xml:2:1-97:12
		INJECTED from src/main/AndroidManifest.xml
	android:versionCode
		INJECTED from src/main/AndroidManifest.xml
		ADDED from src/main/AndroidManifest.xml:2:1-97:12
		INJECTED from src/main/AndroidManifest.xml
	xmlns:android
		ADDED from src/main/AndroidManifest.xml:2:11-69
uses-feature#android.hardware.camera
ADDED from src/main/AndroidManifest.xml:6:5-59
	android:name
		ADDED from src/main/AndroidManifest.xml:6:19-57
uses-permission#android.permission.WRITE_EXTERNAL_STORAGE
ADDED from src/main/AndroidManifest.xml:8:5-80
	android:name
		ADDED from src/main/AndroidManifest.xml:8:22-78
uses-permission#android.permission.READ_EXTERNAL_STORAGE
ADDED from src/main/AndroidManifest.xml:9:5-80
	android:name
		ADDED from src/main/AndroidManifest.xml:9:22-77
uses-permission#android.permission.CAMERA
ADDED from src/main/AndroidManifest.xml:10:5-65
MERGED from [:newhandwaveapp] AndroidManifest.xml:11:5-65
MERGED from [:newhandwaveapp] AndroidManifest.xml:11:5-65
	android:name
		ADDED from src/main/AndroidManifest.xml:10:22-62
uses-feature#android.hardware.camera.autofocus
ADDED from src/main/AndroidManifest.xml:11:5-70
	android:name
		ADDED from src/main/AndroidManifest.xml:11:19-67
uses-permission#android.permission.RECORD_AUDIO
ADDED from src/main/AndroidManifest.xml:12:5-70
	android:name
		ADDED from src/main/AndroidManifest.xml:12:22-68
uses-permission#android.permission.INTERNET
ADDED from src/main/AndroidManifest.xml:15:5-67
MERGED from [com.github.PierfrancescoSoffritti:AndroidYouTubePlayer:4.1.4] AndroidManifest.xml:11:5-67
MERGED from [com.github.PierfrancescoSoffritti:AndroidYouTubePlayer:4.1.4] AndroidManifest.xml:11:5-67
	android:name
		ADDED from src/main/AndroidManifest.xml:15:22-64
uses-permission#android.permission.ACCESS_COARSE_LOCATION
ADDED from src/main/AndroidManifest.xml:16:5-81
	android:name
		ADDED from src/main/AndroidManifest.xml:16:22-78
uses-permission#android.permission.ACCESS_FINE_LOCATION
ADDED from src/main/AndroidManifest.xml:17:5-79
	android:name
		ADDED from src/main/AndroidManifest.xml:17:22-76
uses-permission#android.permission.ACCESS_NETWORK_STATE
ADDED from src/main/AndroidManifest.xml:18:5-79
MERGED from [com.github.PierfrancescoSoffritti:AndroidYouTubePlayer:4.1.4] AndroidManifest.xml:12:5-79
MERGED from [com.github.PierfrancescoSoffritti:AndroidYouTubePlayer:4.1.4] AndroidManifest.xml:12:5-79
	android:name
		ADDED from src/main/AndroidManifest.xml:18:22-76
uses-permission#android.permission.ACCESS_WIFI_STATE
ADDED from src/main/AndroidManifest.xml:19:5-76
	android:name
		ADDED from src/main/AndroidManifest.xml:19:22-73
uses-feature#0x00020000
ADDED from src/main/AndroidManifest.xml:20:5-77
	android:glEsVersion
		ADDED from src/main/AndroidManifest.xml:20:19-51
	android:required
		ADDED from src/main/AndroidManifest.xml:20:52-75
application
ADDED from src/main/AndroidManifest.xml:22:5-95:19
MERGED from [:abbyy-rtr-sdk-1.0:] AndroidManifest.xml:11:5-15:19
MERGED from [:abbyy-rtr-sdk-1.0:] AndroidManifest.xml:11:5-15:19
MERGED from [:wikitudesdk:] AndroidManifest.xml:11:5-14:19
MERGED from [:wikitudesdk:] AndroidManifest.xml:11:5-14:19
MERGED from [:newhandwaveapp] AndroidManifest.xml:13:5-19:19
MERGED from [:newhandwaveapp] AndroidManifest.xml:13:5-19:19
MERGED from [pub.devrel:easypermissions:0.2.0] AndroidManifest.xml:12:5-20
MERGED from [pub.devrel:easypermissions:0.2.0] AndroidManifest.xml:12:5-20
MERGED from [com.github.PierfrancescoSoffritti:AndroidYouTubePlayer:4.1.4] AndroidManifest.xml:14:5-18:19
MERGED from [com.github.PierfrancescoSoffritti:AndroidYouTubePlayer:4.1.4] AndroidManifest.xml:14:5-18:19
MERGED from [com.victor:lib:1.0.4] AndroidManifest.xml:11:5-14:19
MERGED from [com.victor:lib:1.0.4] AndroidManifest.xml:11:5-14:19
	android:supportsRtl
		ADDED from [:abbyy-rtr-sdk-1.0:] AndroidManifest.xml:14:9-35
	android:label
		ADDED from src/main/AndroidManifest.xml:24:9-41
	android:allowBackup
		ADDED from [:abbyy-rtr-sdk-1.0:] AndroidManifest.xml:12:9-35
	android:icon
		ADDED from src/main/AndroidManifest.xml:23:9-43
	android:theme
		ADDED from src/main/AndroidManifest.xml:25:9-40
activity#gr.mobile.zisis.pibook.activity.splash.MainActivity
ADDED from src/main/AndroidManifest.xml:26:9-36:20
	android:screenOrientation
		ADDED from src/main/AndroidManifest.xml:31:13-49
	android:label
		ADDED from src/main/AndroidManifest.xml:30:13-45
	android:configChanges
		ADDED from src/main/AndroidManifest.xml:28:13-62
	android:theme
		ADDED from src/main/AndroidManifest.xml:29:13-47
	android:name
		ADDED from src/main/AndroidManifest.xml:27:13-79
intent-filter#android.intent.action.MAIN+android.intent.category.LAUNCHER
ADDED from src/main/AndroidManifest.xml:32:13-35:29
action#android.intent.action.MAIN
ADDED from src/main/AndroidManifest.xml:33:17-69
	android:name
		ADDED from src/main/AndroidManifest.xml:33:25-66
category#android.intent.category.LAUNCHER
ADDED from src/main/AndroidManifest.xml:34:17-77
	android:name
		ADDED from src/main/AndroidManifest.xml:34:27-74
activity#gr.mobile.zisis.pibook.activity.home.HomeActivity
ADDED from src/main/AndroidManifest.xml:38:9-41:49
	android:screenOrientation
		ADDED from src/main/AndroidManifest.xml:40:13-49
	android:configChanges
		ADDED from src/main/AndroidManifest.xml:39:13-62
	android:theme
		ADDED from src/main/AndroidManifest.xml:41:13-47
	android:name
		ADDED from src/main/AndroidManifest.xml:38:19-61
activity#gr.mobile.zisis.pibook.RecognizedPageActivity
ADDED from src/main/AndroidManifest.xml:43:9-44:51
	android:screenOrientation
		ADDED from src/main/AndroidManifest.xml:44:13-49
	android:name
		ADDED from src/main/AndroidManifest.xml:43:19-57
activity#gr.mobile.zisis.pibook.activity.recognition.RecognitionActivity
ADDED from src/main/AndroidManifest.xml:46:9-49:49
	android:screenOrientation
		ADDED from src/main/AndroidManifest.xml:48:13-49
	android:configChanges
		ADDED from src/main/AndroidManifest.xml:47:13-62
	android:theme
		ADDED from src/main/AndroidManifest.xml:49:13-47
	android:name
		ADDED from src/main/AndroidManifest.xml:46:19-75
activity#gr.mobile.zisis.pibook.activity.recognition.RecognitionStickersActivity
ADDED from src/main/AndroidManifest.xml:51:9-54:49
	android:screenOrientation
		ADDED from src/main/AndroidManifest.xml:53:13-49
	android:configChanges
		ADDED from src/main/AndroidManifest.xml:52:13-62
	android:theme
		ADDED from src/main/AndroidManifest.xml:54:13-47
	android:name
		ADDED from src/main/AndroidManifest.xml:51:19-83
activity#gr.mobile.zisis.pibook.activity.stickers.StickersImageTrackingActivity
ADDED from src/main/AndroidManifest.xml:56:9-58:49
	android:screenOrientation
		ADDED from src/main/AndroidManifest.xml:57:13-49
	android:theme
		ADDED from src/main/AndroidManifest.xml:58:13-47
	android:name
		ADDED from src/main/AndroidManifest.xml:56:19-104
activity#gr.mobile.zisis.pibook.activity.stickers.StickersActivity
ADDED from src/main/AndroidManifest.xml:60:9-62:49
	android:screenOrientation
		ADDED from src/main/AndroidManifest.xml:61:13-49
	android:theme
		ADDED from src/main/AndroidManifest.xml:62:13-47
	android:name
		ADDED from src/main/AndroidManifest.xml:60:19-91
activity#gr.mobile.zisis.pibook.activity.webview.WebviewActivity
ADDED from src/main/AndroidManifest.xml:64:9-66:49
	android:screenOrientation
		ADDED from src/main/AndroidManifest.xml:65:13-49
	android:theme
		ADDED from src/main/AndroidManifest.xml:66:13-47
	android:name
		ADDED from src/main/AndroidManifest.xml:64:19-67
activity#gr.mobile.zisis.pibook.rendering.external.ExternalRenderingActivity
ADDED from src/main/AndroidManifest.xml:68:9-69:51
	android:screenOrientation
		ADDED from src/main/AndroidManifest.xml:69:13-49
	android:name
		ADDED from src/main/AndroidManifest.xml:68:19-101
activity#gr.mobile.zisis.pibook.rendering.internal.InternalRenderingActivity
ADDED from src/main/AndroidManifest.xml:71:9-72:51
	android:screenOrientation
		ADDED from src/main/AndroidManifest.xml:72:13-49
	android:name
		ADDED from src/main/AndroidManifest.xml:71:19-101
activity#gr.mobile.zisis.pibook.activity.gallery.GalleryActivity
ADDED from src/main/AndroidManifest.xml:74:9-76:49
	android:screenOrientation
		ADDED from src/main/AndroidManifest.xml:75:13-49
	android:theme
		ADDED from src/main/AndroidManifest.xml:76:13-47
	android:name
		ADDED from src/main/AndroidManifest.xml:74:19-67
activity#gr.mobile.zisis.pibook.activity.gallery.GalleryToViewPagerActivity
ADDED from src/main/AndroidManifest.xml:78:9-80:49
	android:screenOrientation
		ADDED from src/main/AndroidManifest.xml:79:13-49
	android:theme
		ADDED from src/main/AndroidManifest.xml:80:13-47
	android:name
		ADDED from src/main/AndroidManifest.xml:78:19-78
activity#gr.mobile.zisis.pibook.activity.galleryGesture.GalleryGestureActivity
ADDED from src/main/AndroidManifest.xml:82:9-84:49
	android:screenOrientation
		ADDED from src/main/AndroidManifest.xml:83:13-49
	android:theme
		ADDED from src/main/AndroidManifest.xml:84:13-47
	android:name
		ADDED from src/main/AndroidManifest.xml:82:19-81
activity#gr.mobile.zisis.pibook.activity.galleryGesture.ImageDetailsActivity
ADDED from src/main/AndroidManifest.xml:86:9-88:49
	android:screenOrientation
		ADDED from src/main/AndroidManifest.xml:87:13-49
	android:theme
		ADDED from src/main/AndroidManifest.xml:88:13-47
	android:name
		ADDED from src/main/AndroidManifest.xml:86:19-79
activity#gr.mobile.zisis.pibook.activity.video.VideoPlayerActivity
ADDED from src/main/AndroidManifest.xml:90:9-92:49
	android:screenOrientation
		ADDED from src/main/AndroidManifest.xml:91:13-49
	android:theme
		ADDED from src/main/AndroidManifest.xml:92:13-47
	android:name
		ADDED from src/main/AndroidManifest.xml:90:19-69
uses-sdk
INJECTED from src/main/AndroidManifest.xml reason: use-sdk injection requested
INJECTED from src/main/AndroidManifest.xml
INJECTED from src/main/AndroidManifest.xml
MERGED from [:abbyy-rtr-sdk-1.0:] AndroidManifest.xml:7:5-9:41
MERGED from [:abbyy-rtr-sdk-1.0:] AndroidManifest.xml:7:5-9:41
MERGED from [:wikitudesdk:] AndroidManifest.xml:7:5-9:41
MERGED from [:wikitudesdk:] AndroidManifest.xml:7:5-9:41
MERGED from [:newhandwaveapp] AndroidManifest.xml:7:5-9:41
MERGED from [:newhandwaveapp] AndroidManifest.xml:7:5-9:41
MERGED from [com.google.android:flexbox:0.2.5] AndroidManifest.xml:23:5-25:41
MERGED from [com.google.android:flexbox:0.2.5] AndroidManifest.xml:23:5-25:41
MERGED from [com.github.imangazalievm:circlemenu:1.1.1] AndroidManifest.xml:8:5-10:41
MERGED from [com.github.imangazalievm:circlemenu:1.1.1] AndroidManifest.xml:8:5-10:41
MERGED from [pub.devrel:easypermissions:0.2.0] AndroidManifest.xml:8:5-10:41
MERGED from [pub.devrel:easypermissions:0.2.0] AndroidManifest.xml:8:5-10:41
MERGED from [com.android.support:design:27.1.1] AndroidManifest.xml:20:5-44
MERGED from [com.android.support:design:27.1.1] AndroidManifest.xml:20:5-44
MERGED from [com.android.support:appcompat-v7:27.1.1] AndroidManifest.xml:20:5-44
MERGED from [com.android.support:appcompat-v7:27.1.1] AndroidManifest.xml:20:5-44
MERGED from [com.android.support:support-v4:27.1.1] AndroidManifest.xml:20:5-44
MERGED from [com.android.support:support-v4:27.1.1] AndroidManifest.xml:20:5-44
MERGED from [com.jakewharton:butterknife:8.8.1] AndroidManifest.xml:5:5-43
MERGED from [com.jakewharton:butterknife:8.8.1] AndroidManifest.xml:5:5-43
MERGED from [com.android.support:recyclerview-v7:27.1.1] AndroidManifest.xml:20:5-44
MERGED from [com.android.support:recyclerview-v7:27.1.1] AndroidManifest.xml:20:5-44
MERGED from [com.android.support:cardview-v7:27.1.1] AndroidManifest.xml:20:5-44
MERGED from [com.android.support:cardview-v7:27.1.1] AndroidManifest.xml:20:5-44
MERGED from [com.github.PierfrancescoSoffritti:AndroidYouTubePlayer:4.1.4] AndroidManifest.xml:7:5-9:41
MERGED from [com.github.PierfrancescoSoffritti:AndroidYouTubePlayer:4.1.4] AndroidManifest.xml:7:5-9:41
MERGED from [info.hoang8f:fbutton:1.0.5] AndroidManifest.xml:7:5-9:41
MERGED from [info.hoang8f:fbutton:1.0.5] AndroidManifest.xml:7:5-9:41
MERGED from [com.victor:lib:1.0.4] AndroidManifest.xml:7:5-9:41
MERGED from [com.victor:lib:1.0.4] AndroidManifest.xml:7:5-9:41
MERGED from [:openCVLibrary310] AndroidManifest.xml:7:5-9:41
MERGED from [:openCVLibrary310] AndroidManifest.xml:7:5-9:41
MERGED from [com.android.support:support-fragment:27.1.1] AndroidManifest.xml:20:5-44
MERGED from [com.android.support:support-fragment:27.1.1] AndroidManifest.xml:20:5-44
MERGED from [com.android.support:animated-vector-drawable:27.1.1] AndroidManifest.xml:20:5-44
MERGED from [com.android.support:animated-vector-drawable:27.1.1] AndroidManifest.xml:20:5-44
MERGED from [com.android.support:support-core-ui:27.1.1] AndroidManifest.xml:20:5-44
MERGED from [com.android.support:support-core-ui:27.1.1] AndroidManifest.xml:20:5-44
MERGED from [com.android.support:support-core-utils:27.1.1] AndroidManifest.xml:20:5-44
MERGED from [com.android.support:support-core-utils:27.1.1] AndroidManifest.xml:20:5-44
MERGED from [com.android.support:support-media-compat:27.1.1] AndroidManifest.xml:20:5-44
MERGED from [com.android.support:support-media-compat:27.1.1] AndroidManifest.xml:20:5-44
MERGED from [com.android.support:support-vector-drawable:27.1.1] AndroidManifest.xml:20:5-44
MERGED from [com.android.support:support-vector-drawable:27.1.1] AndroidManifest.xml:20:5-44
MERGED from [com.android.support:transition:27.1.1] AndroidManifest.xml:20:5-44
MERGED from [com.android.support:transition:27.1.1] AndroidManifest.xml:20:5-44
MERGED from [com.android.support:support-compat:27.1.1] AndroidManifest.xml:20:5-44
MERGED from [com.android.support:support-compat:27.1.1] AndroidManifest.xml:20:5-44
MERGED from [android.arch.lifecycle:livedata-core:1.1.0] AndroidManifest.xml:20:5-44
MERGED from [android.arch.lifecycle:livedata-core:1.1.0] AndroidManifest.xml:20:5-44
MERGED from [android.arch.lifecycle:viewmodel:1.1.0] AndroidManifest.xml:20:5-44
MERGED from [android.arch.lifecycle:viewmodel:1.1.0] AndroidManifest.xml:20:5-44
MERGED from [android.arch.lifecycle:runtime:1.1.0] AndroidManifest.xml:20:5-44
MERGED from [android.arch.lifecycle:runtime:1.1.0] AndroidManifest.xml:20:5-44
MERGED from [android.arch.core:runtime:1.1.0] AndroidManifest.xml:20:5-44
MERGED from [android.arch.core:runtime:1.1.0] AndroidManifest.xml:20:5-44
INJECTED from src/main/AndroidManifest.xml
INJECTED from src/main/AndroidManifest.xml
	android:targetSdkVersion
		INJECTED from src/main/AndroidManifest.xml
		ADDED from src/main/AndroidManifest.xml
		INJECTED from src/main/AndroidManifest.xml
	android:minSdkVersion
		INJECTED from src/main/AndroidManifest.xml
		ADDED from src/main/AndroidManifest.xml
		INJECTED from src/main/AndroidManifest.xml